[W 2024-10-23 20:00:31.525 ServerApp] A `_jupyter_server_extension_points` function was not found in jupyterlab_tensorboard_pro. Instead, a `_jupyter_server_extension_paths` function was found and will be used for now. This function name will be deprecated in future releases of Jupyter Server.
[I 2024-10-23 20:00:31.526 ServerApp] jupyter_lsp | extension was successfully linked.
[I 2024-10-23 20:00:31.531 ServerApp] jupyter_server_terminals | extension was successfully linked.
[W 2024-10-23 20:00:31.533 LabApp] 'token' has moved from NotebookApp to ServerApp. This config will be passed to ServerApp. Be sure to update your config before our next release.
[W 2024-10-23 20:00:31.533 LabApp] 'password' has moved from NotebookApp to ServerApp. This config will be passed to ServerApp. Be sure to update your config before our next release.
[W 2024-10-23 20:00:31.536 ServerApp] ServerApp.token config is deprecated in 2.0. Use IdentityProvider.token.
[I 2024-10-23 20:00:31.537 ServerApp] jupyterlab | extension was successfully linked.
[I 2024-10-23 20:00:31.537 ServerApp] jupyterlab_code_formatter | extension was successfully linked.
[I 2024-10-23 20:00:31.537 ServerApp] jupyterlab_jupytext | extension was successfully linked.
[I 2024-10-23 20:00:31.537 ServerApp] jupyterlab_tensorboard_pro | extension was successfully linked.
[I 2024-10-23 20:00:31.542 ServerApp] notebook | extension was successfully linked.
[I 2024-10-23 20:00:31.545 ServerApp] Writing Jupyter server cookie secret to /home/vscode/.local/share/jupyter/runtime/jupyter_cookie_secret
[I 2024-10-23 20:00:31.776 ServerApp] notebook_shim | extension was successfully linked.
[W 2024-10-23 20:00:31.809 ServerApp] All authentication is disabled.  Anyone who can connect to this server will be able to run code.
[I 2024-10-23 20:00:31.810 ServerApp] notebook_shim | extension was successfully loaded.
[I 2024-10-23 20:00:31.814 ServerApp] jupyter_lsp | extension was successfully loaded.
[I 2024-10-23 20:00:31.816 ServerApp] jupyter_server_terminals | extension was successfully loaded.
[I 2024-10-23 20:00:31.818 LabApp] JupyterLab extension loaded from /usr/local/lib/python3.10/dist-packages/jupyterlab
[I 2024-10-23 20:00:31.818 LabApp] JupyterLab application directory is /usr/local/share/jupyter/lab
[I 2024-10-23 20:00:31.819 LabApp] Extension Manager is 'pypi'.
[I 2024-10-23 20:00:31.872 ServerApp] jupyterlab | extension was successfully loaded.
[I 2024-10-23 20:00:31.873 ServerApp] Registered jupyterlab_code_formatter server extension
[I 2024-10-23 20:00:31.873 ServerApp] jupyterlab_code_formatter | extension was successfully loaded.
[I 2024-10-23 20:00:31.874 ServerApp] [Jupytext Server Extension] NotebookApp.contents_manager_class is (a subclass of) jupytext.TextFileContentsManager already - OK
[I 2024-10-23 20:00:31.874 ServerApp] jupyterlab_jupytext | extension was successfully loaded.
[I 2024-10-23 20:00:32.517 ServerApp] jupyterlab_tensorboard_pro extension loaded.
[I 2024-10-23 20:00:32.518 ServerApp] jupyterlab_tensorboard_pro | extension was successfully loaded.
[I 2024-10-23 20:00:32.523 ServerApp] notebook | extension was successfully loaded.
[I 2024-10-23 20:00:32.524 ServerApp] Serving notebooks from local directory: /home/vscode/workspace
[I 2024-10-23 20:00:32.524 ServerApp] Jupyter Server 2.14.2 is running at:
[I 2024-10-23 20:00:32.525 ServerApp] http://hostname:8888/tree
[I 2024-10-23 20:00:32.525 ServerApp]     http://127.0.0.1:8888/tree
[I 2024-10-23 20:00:32.525 ServerApp] Use Control-C to stop this server and shut down all kernels (twice to skip confirmation).
[I 2024-10-23 20:00:32.587 ServerApp] Skipped non-installed server(s): bash-language-server, dockerfile-language-server-nodejs, javascript-typescript-langserver, jedi-language-server, julia-language-server, pyright, python-language-server, python-lsp-server, r-languageserver, sql-language-server, texlab, typescript-language-server, unified-language-server, vscode-css-languageserver-bin, vscode-html-languageserver-bin, vscode-json-languageserver-bin, yaml-language-server
[W 2024-10-23 20:08:36.748 ServerApp] Clearing invalid/expired login cookie username-localhost-8888
[I 2024-10-23 20:08:41.709 ServerApp] 302 GET / (@127.0.0.1) 0.52ms
